#
# There is insufficient memory for the Java Runtime Environment to continue.
# Native memory allocation (malloc) failed to allocate 257856 bytes. Error detail: Chunk::new
# Possible reasons:
#   The system is out of physical RAM or swap space
#   This process is running with CompressedOops enabled, and the Java Heap may be blocking the growth of the native heap
# Possible solutions:
#   Reduce memory load on the system
#   Increase physical memory or swap space
#   Check if swap backing store is full
#   Decrease Java heap size (-Xmx/-Xms)
#   Decrease number of Java threads
#   Decrease Java thread stack sizes (-Xss)
#   Set larger code cache with -XX:ReservedCodeCacheSize=
#   JVM is running with Unscaled Compressed Oops mode in which the Java heap is
#     placed in the first 4GB address space. The Java Heap base address is the
#     maximum limit for the native heap growth. Please use -XX:HeapBaseMinAddress
#     to set the Java Heap base and to place the Java Heap above 4GB virtual address.
# This output file may be truncated or incomplete.
#
#  Out of Memory Error (arena.cpp:168), pid=30988, tid=19120
#
# JRE version: OpenJDK Runtime Environment Temurin-21.0.9+10 (21.0.9+10) (build 21.0.9+10-LTS)
# Java VM: OpenJDK 64-Bit Server VM Temurin-21.0.9+10 (21.0.9+10-LTS, mixed mode, sharing, tiered, compressed oops, compressed class ptrs, parallel gc, windows-amd64)
# No core dump will be written. Minidumps are not enabled by default on client versions of Windows
#

---------------  S U M M A R Y ------------

Command Line: --add-modules=ALL-SYSTEM --add-opens=java.base/java.util=ALL-UNNAMED --add-opens=java.base/java.lang=ALL-UNNAMED --add-opens=java.base/sun.nio.fs=ALL-UNNAMED -Declipse.application=org.eclipse.jdt.ls.core.id1 -Dosgi.bundles.defaultStartLevel=4 -Declipse.product=org.eclipse.jdt.ls.core.product -Djava.import.generatesMetadataFilesAtProjectRoot=false -DDetectVMInstallationsJob.disabled=true -Dfile.encoding=utf8 -XX:+UseParallelGC -XX:GCTimeRatio=4 -XX:AdaptiveSizePolicyWeight=90 -Dsun.zip.disableMemoryMapping=true -Xmx2G -Xms100m -Xlog:disable -javaagent:c:\Users\Nishit\.vscode\extensions\redhat.java-1.50.0-win32-x64\lombok\lombok-1.18.39-4050.jar -XX:+HeapDumpOnOutOfMemoryError -XX:HeapDumpPath=c:\Users\Nishit\AppData\Roaming\Code\User\workspaceStorage\82e3ceb481eae225fac92b19f1e2c5ad\redhat.java -Daether.dependencyCollector.impl=bf c:\Users\Nishit\.vscode\extensions\redhat.java-1.50.0-win32-x64\server\plugins\org.eclipse.equinox.launcher_1.7.100.v20251111-0406.jar -configuration c:\Users\Nishit\AppData\Roaming\Code\User\globalStorage\redhat.java\1.50.0\config_win -data c:\Users\Nishit\AppData\Roaming\Code\User\workspaceStorage\82e3ceb481eae225fac92b19f1e2c5ad\redhat.java\jdt_ws --pipe=\\.\pipe\lsp-3c5689a429b6a0e1ecb1717f85361b49-sock

Host: AMD Ryzen 7 7435HS                             , 16 cores, 15G,  Windows 11 , 64 bit Build 26100 (10.0.26100.7523)
Time: Tue Dec 30 01:23:18 2025 India Standard Time elapsed time: 25.088152 seconds (0d 0h 0m 25s)

---------------  T H R E A D  ---------------

Current thread (0x00000200c619eaf0):  JavaThread "C2 CompilerThread0" daemon [_thread_in_native, id=19120, stack(0x000000af33600000,0x000000af33700000) (1024K)]


Current CompileTask:
C2:25088 2473       4       java.util.Properties$LineReader::readLine (584 bytes)

Stack: [0x000000af33600000,0x000000af33700000]
Native frames: (J=compiled Java code, j=interpreted, Vv=VM code, C=native code)
V  [jvm.dll+0x6d6e29]
V  [jvm.dll+0x8b4b76]
V  [jvm.dll+0x8b712e]
V  [jvm.dll+0x8b7813]
V  [jvm.dll+0x283d86]
V  [jvm.dll+0xc66ed]
V  [jvm.dll+0xc6c31]
V  [jvm.dll+0x3be53b]
V  [jvm.dll+0x38ab92]
V  [jvm.dll+0x389fda]
V  [jvm.dll+0x24bfa0]
V  [jvm.dll+0x24b580]
V  [jvm.dll+0x1cb13e]
V  [jvm.dll+0x25b29d]
V  [jvm.dll+0x25982a]
V  [jvm.dll+0x3f7ea6]
V  [jvm.dll+0x85e9ad]
V  [jvm.dll+0x6d565d]
C  [ucrtbase.dll+0x37b0]
C  [KERNEL32.DLL+0x2e8d7]
C  [ntdll.dll+0x8c3dc]


---------------  P R O C E S S  ---------------

Threads class SMR info:
_java_thread_list=0x00000200e4275100, length=16, elements={
0x00000200c60ec720, 0x00000200c61901e0, 0x00000200c6193500, 0x00000200c6196050,
0x00000200c6196ca0, 0x00000200c6198e50, 0x00000200c619dcc0, 0x00000200c619eaf0,
0x00000200dde7d7a0, 0x00000200de074a00, 0x00000200de1de5a0, 0x00000200dfc837a0,
0x00000200dfb240e0, 0x00000200e42a6a50, 0x00000200dfb23630, 0x00000200dfd13090
}

Java Threads: ( => current thread )
  0x00000200c60ec720 JavaThread "main"                              [_thread_blocked, id=20736, stack(0x000000af32c00000,0x000000af32d00000) (1024K)]
  0x00000200c61901e0 JavaThread "Reference Handler"          daemon [_thread_blocked, id=35912, stack(0x000000af33000000,0x000000af33100000) (1024K)]
  0x00000200c6193500 JavaThread "Finalizer"                  daemon [_thread_blocked, id=17272, stack(0x000000af33100000,0x000000af33200000) (1024K)]
  0x00000200c6196050 JavaThread "Signal Dispatcher"          daemon [_thread_blocked, id=13360, stack(0x000000af33200000,0x000000af33300000) (1024K)]
  0x00000200c6196ca0 JavaThread "Attach Listener"            daemon [_thread_blocked, id=19316, stack(0x000000af33300000,0x000000af33400000) (1024K)]
  0x00000200c6198e50 JavaThread "Service Thread"             daemon [_thread_blocked, id=13928, stack(0x000000af33400000,0x000000af33500000) (1024K)]
  0x00000200c619dcc0 JavaThread "Monitor Deflation Thread"   daemon [_thread_blocked, id=17236, stack(0x000000af33500000,0x000000af33600000) (1024K)]
=>0x00000200c619eaf0 JavaThread "C2 CompilerThread0"         daemon [_thread_in_native, id=19120, stack(0x000000af33600000,0x000000af33700000) (1024K)]
  0x00000200dde7d7a0 JavaThread "C1 CompilerThread0"         daemon [_thread_blocked, id=13976, stack(0x000000af33700000,0x000000af33800000) (1024K)]
  0x00000200de074a00 JavaThread "Common-Cleaner"             daemon [_thread_blocked, id=32568, stack(0x000000af33900000,0x000000af33a00000) (1024K)]
  0x00000200de1de5a0 JavaThread "Notification Thread"        daemon [_thread_blocked, id=33728, stack(0x000000af33a00000,0x000000af33b00000) (1024K)]
  0x00000200dfc837a0 JavaThread "Active Thread: Equinox Container: 77c530f8-7c81-427e-b19d-2026eee4cbe2"        [_thread_blocked, id=12388, stack(0x000000af34300000,0x000000af34400000) (1024K)]
  0x00000200dfb240e0 JavaThread "Refresh Thread: Equinox Container: 77c530f8-7c81-427e-b19d-2026eee4cbe2" daemon [_thread_blocked, id=34004, stack(0x000000af34400000,0x000000af34500000) (1024K)]
  0x00000200e42a6a50 JavaThread "Framework Event Dispatcher: Equinox Container: 77c530f8-7c81-427e-b19d-2026eee4cbe2" daemon [_thread_blocked, id=14640, stack(0x000000af34500000,0x000000af34600000) (1024K)]
  0x00000200dfb23630 JavaThread "Start Level: Equinox Container: 77c530f8-7c81-427e-b19d-2026eee4cbe2" daemon [_thread_in_native, id=6792, stack(0x000000af34100000,0x000000af34200000) (1024K)]
  0x00000200dfd13090 JavaThread "Bundle File Closer"         daemon [_thread_blocked, id=3376, stack(0x000000af34900000,0x000000af34a00000) (1024K)]
Total: 16

Other Threads:
  0x00000200c6083d60 VMThread "VM Thread"                           [id=36144, stack(0x000000af32f00000,0x000000af33000000) (1024K)]
  0x00000200c5f7ca00 WatcherThread "VM Periodic Task Thread"        [id=34460, stack(0x000000af32e00000,0x000000af32f00000) (1024K)]
  0x00000200c610a980 WorkerThread "GC Thread#0"                     [id=22456, stack(0x000000af32d00000,0x000000af32e00000) (1024K)]
  0x00000200dfab7860 WorkerThread "GC Thread#1"                     [id=30968, stack(0x000000af33b00000,0x000000af33c00000) (1024K)]
  0x00000200df8455c0 WorkerThread "GC Thread#2"                     [id=7772, stack(0x000000af33c00000,0x000000af33d00000) (1024K)]
  0x00000200df840710 WorkerThread "GC Thread#3"                     [id=11224, stack(0x000000af33d00000,0x000000af33e00000) (1024K)]
  0x00000200df840ab0 WorkerThread "GC Thread#4"                     [id=34432, stack(0x000000af33e00000,0x000000af33f00000) (1024K)]
  0x00000200df9fab70 WorkerThread "GC Thread#5"                     [id=16392, stack(0x000000af33f00000,0x000000af34000000) (1024K)]
  0x00000200df9faf10 WorkerThread "GC Thread#6"                     [id=32820, stack(0x000000af34000000,0x000000af34100000) (1024K)]
  0x00000200e4258b30 WorkerThread "GC Thread#7"                     [id=38212, stack(0x000000af34200000,0x000000af34300000) (1024K)]
  0x00000200e430cf40 WorkerThread "GC Thread#8"                     [id=22632, stack(0x000000af34600000,0x000000af34700000) (1024K)]
  0x00000200df9c0440 WorkerThread "GC Thread#9"                     [id=28032, stack(0x000000af34700000,0x000000af34800000) (1024K)]
  0x00000200df9c00a0 WorkerThread "GC Thread#10"                    [id=34388, stack(0x000000af34800000,0x000000af34900000) (1024K)]
Total: 13

Threads with active compile tasks:
C2 CompilerThread0  25120 2473       4       java.util.Properties$LineReader::readLine (584 bytes)
Total: 1

VM state: not at safepoint (normal execution)

VM Mutex/Monitor currently owned by a thread: None

Heap address: 0x0000000080000000, size: 2048 MB, Compressed Oops mode: 32-bit

CDS archive(s) mapped at: [0x0000020080000000-0x0000020080ba0000-0x0000020080ba0000), size 12189696, SharedBaseAddress: 0x0000020080000000, ArchiveRelocationMode: 1.
Compressed class space mapped at: 0x0000020081000000-0x00000200c1000000, reserved size: 1073741824
Narrow klass base: 0x0000020080000000, Narrow klass shift: 0, Narrow klass range: 0x100000000

GC Precious Log:
 CardTable entry size: 512
 CPUs: 16 total, 16 available
 Memory: 16202M
 Large Page Support: Disabled
 NUMA Support: Disabled
 Compressed Oops: Enabled (32-bit)
 Alignments: Space 512K, Generation 512K, Heap 2M
 Heap Min Capacity: 100M
 Heap Initial Capacity: 100M
 Heap Max Capacity: 2G
 Pre-touch: Disabled
 Parallel Workers: 13

Heap:
 PSYoungGen      total 29696K, used 18115K [0x00000000d5580000, 0x00000000d7680000, 0x0000000100000000)
  eden space 25600K, 54% used [0x00000000d5580000,0x00000000d6334428,0x00000000d6e80000)
  from space 4096K, 99% used [0x00000000d6e80000,0x00000000d727ca40,0x00000000d7280000)
  to   space 4096K, 0% used [0x00000000d7280000,0x00000000d7280000,0x00000000d7680000)
 ParOldGen       total 68608K, used 4409K [0x0000000080000000, 0x0000000084300000, 0x00000000d5580000)
  object space 68608K, 6% used [0x0000000080000000,0x000000008044e5c0,0x0000000084300000)
 Metaspace       used 9657K, committed 9984K, reserved 1114112K
  class space    used 1007K, committed 1152K, reserved 1048576K

Card table byte_map: [0x00000200c5a90000,0x00000200c5ea0000] _byte_map_base: 0x00000200c5690000

Marking Bits: (ParMarkBitMap*) 0x00007ffacc5a2460
 Begin Bits: [0x00000200d85a0000, 0x00000200da5a0000)
 End Bits:   [0x00000200da5a0000, 0x00000200dc5a0000)

Polling page: 0x00000200c4100000

Metaspace:

Usage:
  Non-class:      8.45 MB used.
      Class:   1007.73 KB used.
       Both:      9.43 MB used.

Virtual space:
  Non-class space:       64.00 MB reserved,       8.62 MB ( 13%) committed,  1 nodes.
      Class space:        1.00 GB reserved,       1.12 MB ( <1%) committed,  1 nodes.
             Both:        1.06 GB reserved,       9.75 MB ( <1%) committed. 

Chunk freelists:
   Non-Class:  6.60 MB
       Class:  14.78 MB
        Both:  21.38 MB

MaxMetaspaceSize: unlimited
CompressedClassSpaceSize: 1.00 GB
Initial GC threshold: 21.00 MB
Current GC threshold: 21.00 MB
CDS: on
 - commit_granule_bytes: 65536.
 - commit_granule_words: 8192.
 - virtual_space_node_default_size: 8388608.
 - enlarge_chunks_in_place: 1.
 - use_allocation_guard: 0.


Internal statistics:

num_allocs_failed_limit: 0.
num_arena_births: 258.
num_arena_deaths: 0.
num_vsnodes_births: 2.
num_vsnodes_deaths: 0.
num_space_committed: 156.
num_space_uncommitted: 0.
num_chunks_returned_to_freelist: 0.
num_chunks_taken_from_freelist: 517.
num_chunk_merges: 0.
num_chunk_splits: 325.
num_chunks_enlarged: 214.
num_inconsistent_stats: 0.

CodeHeap 'non-profiled nmethods': size=119168Kb used=1041Kb max_used=1041Kb free=118126Kb
 bounds [0x00000200d0e90000, 0x00000200d1100000, 0x00000200d82f0000]
CodeHeap 'profiled nmethods': size=119104Kb used=4869Kb max_used=4869Kb free=114234Kb
 bounds [0x00000200c92f0000, 0x00000200c97c0000, 0x00000200d0740000]
CodeHeap 'non-nmethods': size=7488Kb used=1230Kb max_used=2372Kb free=6257Kb
 bounds [0x00000200d0740000, 0x00000200d09b0000, 0x00000200d0e90000]
CodeCache: size=245760Kb, used=7140Kb, max_used=8282Kb, free=238617Kb
 total_blobs=2975, nmethods=2482, adapters=399, full_count=0
Compilation: enabled, stopped_count=0, restarted_count=0

Compilation events (20 events):
Event: 20.904 Thread 0x00000200dde7d7a0 nmethod 2465 0x00000200c97a6810 code [0x00000200c97a6ce0, 0x00000200c97a90b0]
Event: 20.909 Thread 0x00000200c619eaf0 nmethod 2466 0x00000200d0f93390 code [0x00000200d0f93560, 0x00000200d0f93b88]
Event: 20.925 Thread 0x00000200dde7d7a0 2467       3       java.util.Collections::singletonIterator (9 bytes)
Event: 20.925 Thread 0x00000200dde7d7a0 nmethod 2467 0x00000200c97aa090 code [0x00000200c97aa240, 0x00000200c97aa468]
Event: 20.925 Thread 0x00000200dde7d7a0 2468       3       java.util.Collections$1::<init> (15 bytes)
Event: 20.926 Thread 0x00000200dde7d7a0 nmethod 2468 0x00000200c97aa590 code [0x00000200c97aa740, 0x00000200c97aa8c8]
Event: 20.926 Thread 0x00000200dde7d7a0 2469       3       java.util.Collections$1::next (25 bytes)
Event: 20.926 Thread 0x00000200dde7d7a0 nmethod 2469 0x00000200c97aa990 code [0x00000200c97aab40, 0x00000200c97aad60]
Event: 21.171 Thread 0x00000200dde7d7a0 2470       3       java.lang.String::toLowerCase (8 bytes)
Event: 21.171 Thread 0x00000200dde7d7a0 nmethod 2470 0x00000200c97aae90 code [0x00000200c97ab080, 0x00000200c97ab408]
Event: 21.908 Thread 0x00000200dde7d7a0 2471       3       org.eclipse.osgi.internal.loader.classpath.ClasspathEntry::manifestPackageAttributesMapFor (124 bytes)
Event: 21.909 Thread 0x00000200dde7d7a0 nmethod 2471 0x00000200c97ab510 code [0x00000200c97ab820, 0x00000200c97ac848]
Event: 21.910 Thread 0x00000200dde7d7a0 2472       3       java.util.Collections$SingletonSet::iterator (8 bytes)
Event: 21.910 Thread 0x00000200dde7d7a0 nmethod 2472 0x00000200c97ace10 code [0x00000200c97acfc0, 0x00000200c97ad260]
Event: 22.043 Thread 0x00000200c619eaf0 2473       4       java.util.Properties$LineReader::readLine (584 bytes)
Event: 22.264 Thread 0x00000200dde7d7a0 2476       3       java.lang.Thread::isVirtual (5 bytes)
Event: 22.264 Thread 0x00000200dde7d7a0 nmethod 2476 0x00000200c97ad390 code [0x00000200c97ad540, 0x00000200c97ad748]
Event: 24.270 Thread 0x00000200dde7d7a0 2477       3       java.util.concurrent.locks.AbstractQueuedSynchronizer$Node::<init> (5 bytes)
Event: 25.085 Thread 0x00000200dde7d7a0 nmethod 2477 0x00000200c97ad810 code [0x00000200c97ad9c0, 0x00000200c97adb28]
Event: 25.085 Thread 0x00000200dde7d7a0 2481   !   3       java.util.concurrent.locks.AbstractQueuedSynchronizer::acquire (424 bytes)

GC Heap History (6 events):
Event: 1.033 GC heap before
{Heap before GC invocations=1 (full 0):
 PSYoungGen      total 29696K, used 25600K [0x00000000d5580000, 0x00000000d7680000, 0x0000000100000000)
  eden space 25600K, 100% used [0x00000000d5580000,0x00000000d6e80000,0x00000000d6e80000)
  from space 4096K, 0% used [0x00000000d7280000,0x00000000d7280000,0x00000000d7680000)
  to   space 4096K, 0% used [0x00000000d6e80000,0x00000000d6e80000,0x00000000d7280000)
 ParOldGen       total 68608K, used 0K [0x0000000080000000, 0x0000000084300000, 0x00000000d5580000)
  object space 68608K, 0% used [0x0000000080000000,0x0000000080000000,0x0000000084300000)
 Metaspace       used 4252K, committed 4480K, reserved 1114112K
  class space    used 466K, committed 576K, reserved 1048576K
}
Event: 1.041 GC heap after
{Heap after GC invocations=1 (full 0):
 PSYoungGen      total 29696K, used 3287K [0x00000000d5580000, 0x00000000d7680000, 0x0000000100000000)
  eden space 25600K, 0% used [0x00000000d5580000,0x00000000d5580000,0x00000000d6e80000)
  from space 4096K, 80% used [0x00000000d6e80000,0x00000000d71b5ea8,0x00000000d7280000)
  to   space 4096K, 0% used [0x00000000d7280000,0x00000000d7280000,0x00000000d7680000)
 ParOldGen       total 68608K, used 16K [0x0000000080000000, 0x0000000084300000, 0x00000000d5580000)
  object space 68608K, 0% used [0x0000000080000000,0x0000000080004000,0x0000000084300000)
 Metaspace       used 4252K, committed 4480K, reserved 1114112K
  class space    used 466K, committed 576K, reserved 1048576K
}
Event: 2.615 GC heap before
{Heap before GC invocations=2 (full 0):
 PSYoungGen      total 29696K, used 28887K [0x00000000d5580000, 0x00000000d7680000, 0x0000000100000000)
  eden space 25600K, 100% used [0x00000000d5580000,0x00000000d6e80000,0x00000000d6e80000)
  from space 4096K, 80% used [0x00000000d6e80000,0x00000000d71b5ea8,0x00000000d7280000)
  to   space 4096K, 0% used [0x00000000d7280000,0x00000000d7280000,0x00000000d7680000)
 ParOldGen       total 68608K, used 16K [0x0000000080000000, 0x0000000084300000, 0x00000000d5580000)
  object space 68608K, 0% used [0x0000000080000000,0x0000000080004000,0x0000000084300000)
 Metaspace       used 7991K, committed 8320K, reserved 1114112K
  class space    used 828K, committed 960K, reserved 1048576K
}
Event: 2.621 GC heap after
{Heap after GC invocations=2 (full 0):
 PSYoungGen      total 29696K, used 4071K [0x00000000d5580000, 0x00000000d7680000, 0x0000000100000000)
  eden space 25600K, 0% used [0x00000000d5580000,0x00000000d5580000,0x00000000d6e80000)
  from space 4096K, 99% used [0x00000000d7280000,0x00000000d7679e98,0x00000000d7680000)
  to   space 4096K, 0% used [0x00000000d6e80000,0x00000000d6e80000,0x00000000d7280000)
 ParOldGen       total 68608K, used 1730K [0x0000000080000000, 0x0000000084300000, 0x00000000d5580000)
  object space 68608K, 2% used [0x0000000080000000,0x00000000801b0898,0x0000000084300000)
 Metaspace       used 7991K, committed 8320K, reserved 1114112K
  class space    used 828K, committed 960K, reserved 1048576K
}
Event: 15.136 GC heap before
{Heap before GC invocations=3 (full 0):
 PSYoungGen      total 29696K, used 29671K [0x00000000d5580000, 0x00000000d7680000, 0x0000000100000000)
  eden space 25600K, 100% used [0x00000000d5580000,0x00000000d6e80000,0x00000000d6e80000)
  from space 4096K, 99% used [0x00000000d7280000,0x00000000d7679e98,0x00000000d7680000)
  to   space 4096K, 0% used [0x00000000d6e80000,0x00000000d6e80000,0x00000000d7280000)
 ParOldGen       total 68608K, used 1730K [0x0000000080000000, 0x0000000084300000, 0x00000000d5580000)
  object space 68608K, 2% used [0x0000000080000000,0x00000000801b0898,0x0000000084300000)
 Metaspace       used 9494K, committed 9856K, reserved 1114112K
  class space    used 1007K, committed 1152K, reserved 1048576K
}
Event: 15.141 GC heap after
{Heap after GC invocations=3 (full 0):
 PSYoungGen      total 29696K, used 4082K [0x00000000d5580000, 0x00000000d7680000, 0x0000000100000000)
  eden space 25600K, 0% used [0x00000000d5580000,0x00000000d5580000,0x00000000d6e80000)
  from space 4096K, 99% used [0x00000000d6e80000,0x00000000d727ca40,0x00000000d7280000)
  to   space 4096K, 0% used [0x00000000d7280000,0x00000000d7280000,0x00000000d7680000)
 ParOldGen       total 68608K, used 4409K [0x0000000080000000, 0x0000000084300000, 0x00000000d5580000)
  object space 68608K, 6% used [0x0000000080000000,0x000000008044e5c0,0x0000000084300000)
 Metaspace       used 9494K, committed 9856K, reserved 1114112K
  class space    used 1007K, committed 1152K, reserved 1048576K
}

Dll operation events (9 events):
Event: 0.018 Loaded shared library c:\Users\Nishit\.vscode\extensions\redhat.java-1.50.0-win32-x64\jre\21.0.9-win32-x86_64\bin\java.dll
Event: 0.132 Loaded shared library c:\Users\Nishit\.vscode\extensions\redhat.java-1.50.0-win32-x64\jre\21.0.9-win32-x86_64\bin\zip.dll
Event: 0.160 Loaded shared library C:\Users\Nishit\.vscode\extensions\redhat.java-1.50.0-win32-x64\jre\21.0.9-win32-x86_64\bin\instrument.dll
Event: 0.168 Loaded shared library C:\Users\Nishit\.vscode\extensions\redhat.java-1.50.0-win32-x64\jre\21.0.9-win32-x86_64\bin\net.dll
Event: 0.171 Loaded shared library C:\Users\Nishit\.vscode\extensions\redhat.java-1.50.0-win32-x64\jre\21.0.9-win32-x86_64\bin\nio.dll
Event: 0.179 Loaded shared library C:\Users\Nishit\.vscode\extensions\redhat.java-1.50.0-win32-x64\jre\21.0.9-win32-x86_64\bin\zip.dll
Event: 0.206 Loaded shared library C:\Users\Nishit\.vscode\extensions\redhat.java-1.50.0-win32-x64\jre\21.0.9-win32-x86_64\bin\jimage.dll
Event: 0.324 Loaded shared library c:\Users\Nishit\.vscode\extensions\redhat.java-1.50.0-win32-x64\jre\21.0.9-win32-x86_64\bin\verify.dll
Event: 8.036 Loaded shared library C:\Users\Nishit\AppData\Roaming\Code\User\globalStorage\redhat.java\1.50.0\config_win\org.eclipse.equinox.launcher\org.eclipse.equinox.launcher.win32.win32.x86_64_1.2.1400.v20250801-0854\eclipse_11916.dll

Deoptimization events (20 events):
Event: 15.337 Thread 0x00000200dfb23630 DEOPT PACKING pc=0x00000200d0ea79a0 sp=0x000000af341fcfd0
Event: 15.337 Thread 0x00000200dfb23630 DEOPT UNPACKING pc=0x00000200d0793aa2 sp=0x000000af341fcf58 mode 2
Event: 15.346 Thread 0x00000200dfb23630 DEOPT PACKING pc=0x00000200c9755849 sp=0x000000af341fd050
Event: 15.346 Thread 0x00000200dfb23630 DEOPT UNPACKING pc=0x00000200d0794242 sp=0x000000af341fc4c0 mode 0
Event: 15.350 Thread 0x00000200dfb23630 DEOPT PACKING pc=0x00000200c9755849 sp=0x000000af341fd050
Event: 15.350 Thread 0x00000200dfb23630 DEOPT UNPACKING pc=0x00000200d0794242 sp=0x000000af341fc4c0 mode 0
Event: 15.365 Thread 0x00000200dfb23630 DEOPT PACKING pc=0x00000200c9755849 sp=0x000000af341fcfe0
Event: 15.366 Thread 0x00000200dfb23630 DEOPT UNPACKING pc=0x00000200d0794242 sp=0x000000af341fc450 mode 0
Event: 15.388 Thread 0x00000200dfb23630 DEOPT PACKING pc=0x00000200c9755849 sp=0x000000af341fd050
Event: 15.388 Thread 0x00000200dfb23630 DEOPT UNPACKING pc=0x00000200d0794242 sp=0x000000af341fc4c0 mode 0
Event: 15.392 Thread 0x00000200dfb23630 DEOPT PACKING pc=0x00000200c9755849 sp=0x000000af341fcfe0
Event: 15.392 Thread 0x00000200dfb23630 DEOPT UNPACKING pc=0x00000200d0794242 sp=0x000000af341fc450 mode 0
Event: 15.447 Thread 0x00000200dfb23630 Uncommon trap: trap_request=0xffffff45 fr.pc=0x00000200d0f4024c relative=0x000000000000018c
Event: 15.447 Thread 0x00000200dfb23630 Uncommon trap: reason=unstable_if action=reinterpret pc=0x00000200d0f4024c method=java.lang.String.startsWith(Ljava/lang/String;I)Z @ 50 c2
Event: 15.447 Thread 0x00000200dfb23630 DEOPT PACKING pc=0x00000200d0f4024c sp=0x000000af341fe0b0
Event: 15.447 Thread 0x00000200dfb23630 DEOPT UNPACKING pc=0x00000200d0793aa2 sp=0x000000af341fdfe0 mode 2
Event: 19.490 Thread 0x00000200dfb23630 DEOPT PACKING pc=0x00000200c9755849 sp=0x000000af341fd4a0
Event: 19.490 Thread 0x00000200dfb23630 DEOPT UNPACKING pc=0x00000200d0794242 sp=0x000000af341fc928 mode 0
Event: 22.043 Thread 0x00000200dfb23630 DEOPT PACKING pc=0x00000200c94340a6 sp=0x000000af341fdd10
Event: 22.043 Thread 0x00000200dfb23630 DEOPT UNPACKING pc=0x00000200d0794242 sp=0x000000af341fd208 mode 0

Classes loaded (20 events):
Event: 9.256 Loading class sun/util/logging/resources/logging_en_IN
Event: 9.256 Loading class sun/util/logging/resources/logging_en_IN done
Event: 9.258 Loading class java/util/Formatter$DateTime
Event: 9.259 Loading class java/util/Formatter$DateTime done
Event: 9.259 Loading class java/util/Formatter$FixedString
Event: 9.259 Loading class java/util/Formatter$FixedString done
Event: 9.260 Loading class java/time/ZonedDateTime$1
Event: 9.260 Loading class java/time/ZonedDateTime$1 done
Event: 9.265 Loading class jdk/internal/module/ModulePatcher$PatchedModuleReader
Event: 9.265 Loading class jdk/internal/module/ModulePatcher$PatchedModuleReader done
Event: 9.271 Loading class sun/util/resources/LocaleData$CommonResourceBundleProvider
Event: 9.271 Loading class sun/util/resources/LocaleData$LocaleDataResourceBundleProvider
Event: 9.271 Loading class java/util/spi/ResourceBundleProvider
Event: 9.271 Loading class java/util/spi/ResourceBundleProvider done
Event: 9.271 Loading class sun/util/resources/LocaleData$LocaleDataResourceBundleProvider done
Event: 9.271 Loading class sun/util/resources/LocaleData$CommonResourceBundleProvider done
Event: 9.273 Loading class sun/text/resources/cldr/FormatData_en
Event: 9.273 Loading class sun/text/resources/cldr/FormatData_en done
Event: 9.273 Loading class sun/util/resources/Bundles$2
Event: 9.273 Loading class sun/util/resources/Bundles$2 done

Classes unloaded (0 events):
No events

Classes redefined (0 events):
No events

Internal exceptions (20 events):
Event: 1.062 Thread 0x00000200c60ec720 Exception <a 'java/lang/ClassNotFoundException'{0x00000000d56057d0}: sun/net/www/protocol/c/Handler> (0x00000000d56057d0) 
thrown [s\src\hotspot\share\classfile\systemDictionary.cpp, line 312]
Event: 1.062 Thread 0x00000200c60ec720 Exception <a 'java/lang/ClassNotFoundException'{0x00000000d5606928}: sun/net/www/protocol/c/Handler> (0x00000000d5606928) 
thrown [s\src\hotspot\share\classfile\systemDictionary.cpp, line 312]
Event: 1.074 Thread 0x00000200c60ec720 Exception <a 'java/io/FileNotFoundException'{0x00000000d562f068}> (0x00000000d562f068) 
thrown [s\src\hotspot\share\prims\jni.cpp, line 520]
Event: 1.131 Thread 0x00000200c60ec720 Implicit null exception at 0x00000200d0eebb49 to 0x00000200d0eec4b8
Event: 1.132 Thread 0x00000200c60ec720 Exception <a 'java/lang/NoSuchMethodError'{0x00000000d575e6a8}: 'void java.lang.invoke.DirectMethodHandle$Holder.invokeStatic(java.lang.Object, java.lang.Object, java.lang.Object, java.lang.Object)'> (0x00000000d575e6a8) 
thrown [s\src\hotspot\share\interpreter\linkResolver.cpp, line 773]
Event: 1.296 Thread 0x00000200c60ec720 Exception <a 'java/lang/NoSuchMethodError'{0x00000000d5a7acd0}: 'void java.lang.invoke.DirectMethodHandle$Holder.invokeSpecial(java.lang.Object, java.lang.Object, java.lang.Object)'> (0x00000000d5a7acd0) 
thrown [s\src\hotspot\share\interpreter\linkResolver.cpp, line 773]
Event: 1.628 Thread 0x00000200c60ec720 Exception <a 'java/lang/NoSuchMethodError'{0x00000000d64b9ff0}: 'int java.lang.invoke.DirectMethodHandle$Holder.invokeVirtual(java.lang.Object, java.lang.Object)'> (0x00000000d64b9ff0) 
thrown [s\src\hotspot\share\interpreter\linkResolver.cpp, line 773]
Event: 1.716 Thread 0x00000200c60ec720 Exception <a 'java/lang/NoSuchMethodError'{0x00000000d6641648}: 'int java.lang.invoke.DirectMethodHandle$Holder.invokeStaticInit(java.lang.Object, java.lang.Object, java.lang.Object, java.lang.Object)'> (0x00000000d6641648) 
thrown [s\src\hotspot\share\interpreter\linkResolver.cpp, line 773]
Event: 1.718 Thread 0x00000200c60ec720 Exception <a 'java/lang/IncompatibleClassChangeError'{0x00000000d6649a50}: Found class java.lang.Object, but interface was expected> (0x00000000d6649a50) 
thrown [s\src\hotspot\share\interpreter\linkResolver.cpp, line 840]
Event: 1.720 Thread 0x00000200c60ec720 Exception <a 'java/lang/NoSuchMethodError'{0x00000000d6650920}: 'void java.lang.invoke.DirectMethodHandle$Holder.invokeStaticInit(java.lang.Object, java.lang.Object)'> (0x00000000d6650920) 
thrown [s\src\hotspot\share\interpreter\linkResolver.cpp, line 773]
Event: 1.722 Thread 0x00000200c60ec720 Exception <a 'java/lang/NoSuchMethodError'{0x00000000d665a658}: 'int java.lang.invoke.DirectMethodHandle$Holder.invokeStaticInit(java.lang.Object, java.lang.Object)'> (0x00000000d665a658) 
thrown [s\src\hotspot\share\interpreter\linkResolver.cpp, line 773]
Event: 1.791 Thread 0x00000200c60ec720 Exception <a 'java/lang/NoSuchMethodError'{0x00000000d68e1ec8}: 'java.lang.Object java.lang.invoke.DirectMethodHandle$Holder.newInvokeSpecial(java.lang.Object, int, java.lang.Object)'> (0x00000000d68e1ec8) 
thrown [s\src\hotspot\share\interpreter\linkResolver.cpp, line 773]
Event: 1.854 Thread 0x00000200c60ec720 Exception <a 'java/lang/ClassNotFoundException'{0x00000000d6b09a10}: sun/net/www/protocol/plurl/Handler> (0x00000000d6b09a10) 
thrown [s\src\hotspot\share\classfile\systemDictionary.cpp, line 312]
Event: 1.854 Thread 0x00000200c60ec720 Exception <a 'java/lang/ClassNotFoundException'{0x00000000d6b0a890}: sun/net/www/protocol/plurl/Handler> (0x00000000d6b0a890) 
thrown [s\src\hotspot\share\classfile\systemDictionary.cpp, line 312]
Event: 8.028 Thread 0x00000200c60ec720 Exception <a 'java/lang/UnsatisfiedLinkError'{0x00000000d568c5c8}: 'void org.eclipse.equinox.launcher.JNIBridge._update_splash()'> (0x00000000d568c5c8) 
thrown [s\src\hotspot\share\prims\nativeLookup.cpp, line 415]
Event: 8.072 Thread 0x00000200dfb240e0 Exception <a 'java/lang/NoSuchMethodError'{0x00000000d590a5c8}: 'void java.lang.invoke.DirectMethodHandle$Holder.invokeInterface(java.lang.Object, java.lang.Object, java.lang.Object)'> (0x00000000d590a5c8) 
thrown [s\src\hotspot\share\interpreter\linkResolver.cpp, line 773]
Event: 9.205 Thread 0x00000200dfb23630 Exception <a 'java/lang/NoSuchMethodError'{0x00000000d5d29ff0}: 'java.lang.Object java.lang.invoke.DirectMethodHandle$Holder.newInvokeSpecial(java.lang.Object, java.lang.Object, int, java.lang.Object)'> (0x00000000d5d29ff0) 
thrown [s\src\hotspot\share\interpreter\linkResolver.cpp, line 773]
Event: 9.206 Thread 0x00000200dfb23630 Exception <a 'java/lang/NoSuchMethodError'{0x00000000d5d2de20}: 'java.lang.Object java.lang.invoke.DirectMethodHandle$Holder.invokeSpecial(java.lang.Object, java.lang.Object, java.lang.Object, int, java.lang.Object)'> (0x00000000d5d2de20) 
thrown [s\src\hotspot\share\interpreter\linkResolver.cpp, line 773]
Event: 9.224 Thread 0x00000200dfb23630 Exception <a 'java/lang/NoClassDefFoundError'{0x00000000d5dd4f78}: jakarta/servlet/ServletContainerInitializer> (0x00000000d5dd4f78) 
thrown [s\src\hotspot\share\classfile\systemDictionary.cpp, line 301]
Event: 9.253 Thread 0x00000200dfb23630 Exception <a 'java/lang/ClassNotFoundException'{0x00000000d5f2a1a8}: sun/util/logging/resources/spi/loggingProvider> (0x00000000d5f2a1a8) 
thrown [s\src\hotspot\share\classfile\systemDictionary.cpp, line 312]

ZGC Phase Switch (0 events):
No events

VM Operations (20 events):
Event: 8.662 Executing VM operation: Cleanup
Event: 9.110 Executing VM operation: Cleanup done
Event: 9.241 Executing VM operation: HandshakeAllThreads (Deoptimize)
Event: 9.241 Executing VM operation: HandshakeAllThreads (Deoptimize) done
Event: 9.265 Executing VM operation: HandshakeAllThreads (Deoptimize)
Event: 9.265 Executing VM operation: HandshakeAllThreads (Deoptimize) done
Event: 9.282 Executing VM operation: HandshakeAllThreads (Deoptimize)
Event: 9.283 Executing VM operation: HandshakeAllThreads (Deoptimize) done
Event: 9.528 Executing VM operation: HandshakeAllThreads (Deoptimize)
Event: 9.528 Executing VM operation: HandshakeAllThreads (Deoptimize) done
Event: 10.542 Executing VM operation: Cleanup
Event: 10.542 Executing VM operation: Cleanup done
Event: 15.136 Executing VM operation: ParallelGCFailedAllocation (Allocation Failure)
Event: 15.141 Executing VM operation: ParallelGCFailedAllocation (Allocation Failure) done
Event: 16.145 Executing VM operation: Cleanup
Event: 16.145 Executing VM operation: Cleanup done
Event: 20.168 Executing VM operation: Cleanup
Event: 20.168 Executing VM operation: Cleanup done
Event: 22.185 Executing VM operation: Cleanup
Event: 22.185 Executing VM operation: Cleanup done

Memory protections (0 events):
No events

Nmethod flushes (0 events):
No events

Events (20 events):
Event: 0.064 Thread 0x00000200c60ec720 Thread added: 0x00000200dde7d7a0
Event: 0.129 Thread 0x00000200dde7d7a0 Thread added: 0x00000200ddf3e050
Event: 0.163 Thread 0x00000200c60ec720 Thread added: 0x00000200de074a00
Event: 0.516 Thread 0x00000200c60ec720 Thread added: 0x00000200de1de5a0
Event: 1.294 Thread 0x00000200ddf3e050 Thread added: 0x00000200df7cb6f0
Event: 1.501 Thread 0x00000200dde7d7a0 Thread added: 0x00000200e43fd160
Event: 1.743 Thread 0x00000200c60ec720 Thread added: 0x00000200dfc837a0
Event: 2.555 Thread 0x00000200e43fd160 Thread exited: 0x00000200e43fd160
Event: 3.236 Thread 0x00000200df7cb6f0 Thread exited: 0x00000200df7cb6f0
Event: 8.017 Thread 0x00000200c619eaf0 Thread added: 0x00000200dfb23630
Event: 8.025 Thread 0x00000200c60ec720 Thread added: 0x00000200dfb240e0
Event: 8.076 Thread 0x00000200dfb240e0 Thread added: 0x00000200e42a6a50
Event: 9.112 Thread 0x00000200dfb23630 Thread exited: 0x00000200dfb23630
Event: 9.112 Thread 0x00000200c60ec720 Thread added: 0x00000200dfb23630
Event: 9.561 Thread 0x00000200ddf3e050 Thread added: 0x00000200dfa42970
Event: 10.498 Thread 0x00000200ddf3e050 Thread exited: 0x00000200ddf3e050
Event: 10.498 Thread 0x00000200dfa42970 Thread exited: 0x00000200dfa42970
Event: 15.130 Thread 0x00000200dde7d7a0 Thread added: 0x00000200dfa42970
Event: 15.252 Thread 0x00000200dfb23630 Thread added: 0x00000200dfd13090
Event: 15.352 Thread 0x00000200dfa42970 Thread exited: 0x00000200dfa42970


Dynamic libraries:
0x00007ff6d1c40000 - 0x00007ff6d1c4e000 	c:\Users\Nishit\.vscode\extensions\redhat.java-1.50.0-win32-x64\jre\21.0.9-win32-x86_64\bin\java.exe
0x00007ffb5e220000 - 0x00007ffb5e487000 	C:\WINDOWS\SYSTEM32\ntdll.dll
0x00007ffb5cd80000 - 0x00007ffb5ce49000 	C:\WINDOWS\System32\KERNEL32.DLL
0x00007ffb5bb90000 - 0x00007ffb5bf81000 	C:\WINDOWS\System32\KERNELBASE.dll
0x00007ffb5b660000 - 0x00007ffb5b7ab000 	C:\WINDOWS\System32\ucrtbase.dll
0x00007ffb249c0000 - 0x00007ffb249d8000 	c:\Users\Nishit\.vscode\extensions\redhat.java-1.50.0-win32-x64\jre\21.0.9-win32-x86_64\bin\jli.dll
0x00007ffb241e0000 - 0x00007ffb241fe000 	c:\Users\Nishit\.vscode\extensions\redhat.java-1.50.0-win32-x64\jre\21.0.9-win32-x86_64\bin\VCRUNTIME140.dll
0x00007ffb5d210000 - 0x00007ffb5d3d5000 	C:\WINDOWS\System32\USER32.dll
0x00007ffb5bf90000 - 0x00007ffb5bfb7000 	C:\WINDOWS\System32\win32u.dll
0x00007ffb3e870000 - 0x00007ffb3eb03000 	C:\WINDOWS\WinSxS\amd64_microsoft.windows.common-controls_6595b64144ccf1df_6.0.26100.7344_none_3e0a71fae332857b\COMCTL32.dll
0x00007ffb5bfd0000 - 0x00007ffb5bffb000 	C:\WINDOWS\System32\GDI32.dll
0x00007ffb5cc20000 - 0x00007ffb5ccc9000 	C:\WINDOWS\System32\msvcrt.dll
0x00007ffb5ba60000 - 0x00007ffb5bb8b000 	C:\WINDOWS\System32\gdi32full.dll
0x00007ffb5b4f0000 - 0x00007ffb5b593000 	C:\WINDOWS\System32\msvcp_win.dll
0x00007ffb5cbd0000 - 0x00007ffb5cc01000 	C:\WINDOWS\System32\IMM32.DLL
0x00007ffb36ec0000 - 0x00007ffb36ecc000 	c:\Users\Nishit\.vscode\extensions\redhat.java-1.50.0-win32-x64\jre\21.0.9-win32-x86_64\bin\vcruntime140_1.dll
0x00007ffb02170000 - 0x00007ffb021fd000 	c:\Users\Nishit\.vscode\extensions\redhat.java-1.50.0-win32-x64\jre\21.0.9-win32-x86_64\bin\msvcp140.dll
0x00007ffacb8e0000 - 0x00007ffacc680000 	c:\Users\Nishit\.vscode\extensions\redhat.java-1.50.0-win32-x64\jre\21.0.9-win32-x86_64\bin\server\jvm.dll
0x00007ffb5dd90000 - 0x00007ffb5de44000 	C:\WINDOWS\System32\ADVAPI32.dll
0x00007ffb5db40000 - 0x00007ffb5dbe6000 	C:\WINDOWS\System32\sechost.dll
0x00007ffb5ce50000 - 0x00007ffb5cf68000 	C:\WINDOWS\System32\RPCRT4.dll
0x00007ffb5daa0000 - 0x00007ffb5db14000 	C:\WINDOWS\System32\WS2_32.dll
0x00007ffb5b1d0000 - 0x00007ffb5b22e000 	C:\WINDOWS\SYSTEM32\POWRPROF.dll
0x00007ffb49d00000 - 0x00007ffb49d35000 	C:\WINDOWS\SYSTEM32\WINMM.dll
0x00007ffb51130000 - 0x00007ffb5113b000 	C:\WINDOWS\SYSTEM32\VERSION.dll
0x00007ffb5b1b0000 - 0x00007ffb5b1c4000 	C:\WINDOWS\SYSTEM32\UMPDC.dll
0x00007ffb5a0f0000 - 0x00007ffb5a10b000 	C:\WINDOWS\SYSTEM32\kernel.appcore.dll
0x00007ffb33300000 - 0x00007ffb3330a000 	c:\Users\Nishit\.vscode\extensions\redhat.java-1.50.0-win32-x64\jre\21.0.9-win32-x86_64\bin\jimage.dll
0x00007ffb58c70000 - 0x00007ffb58eb2000 	C:\WINDOWS\SYSTEM32\DBGHELP.DLL
0x00007ffb5de50000 - 0x00007ffb5e1d4000 	C:\WINDOWS\System32\combase.dll
0x00007ffb5ca70000 - 0x00007ffb5cb47000 	C:\WINDOWS\System32\OLEAUT32.dll
0x00007ffb3e4c0000 - 0x00007ffb3e4fb000 	C:\WINDOWS\SYSTEM32\dbgcore.DLL
0x00007ffb5b9b0000 - 0x00007ffb5ba55000 	C:\WINDOWS\System32\bcryptPrimitives.dll
0x00007ffb240b0000 - 0x00007ffb240bf000 	c:\Users\Nishit\.vscode\extensions\redhat.java-1.50.0-win32-x64\jre\21.0.9-win32-x86_64\bin\instrument.dll
0x00007ffb20170000 - 0x00007ffb20190000 	c:\Users\Nishit\.vscode\extensions\redhat.java-1.50.0-win32-x64\jre\21.0.9-win32-x86_64\bin\java.dll
0x00007ffb5c000000 - 0x00007ffb5c74f000 	C:\WINDOWS\System32\SHELL32.dll
0x00007ffb5b840000 - 0x00007ffb5b9aa000 	C:\WINDOWS\System32\wintypes.dll
0x00007ffb58f40000 - 0x00007ffb597a2000 	C:\WINDOWS\SYSTEM32\windows.storage.dll
0x00007ffb5d9a0000 - 0x00007ffb5da96000 	C:\WINDOWS\System32\SHCORE.dll
0x00007ffb5d3e0000 - 0x00007ffb5d447000 	C:\WINDOWS\System32\shlwapi.dll
0x00007ffb5b290000 - 0x00007ffb5b2b8000 	C:\WINDOWS\SYSTEM32\profapi.dll
0x00007ffb1df80000 - 0x00007ffb1df98000 	c:\Users\Nishit\.vscode\extensions\redhat.java-1.50.0-win32-x64\jre\21.0.9-win32-x86_64\bin\zip.dll
0x00007ffb33010000 - 0x00007ffb33020000 	C:\Users\Nishit\.vscode\extensions\redhat.java-1.50.0-win32-x64\jre\21.0.9-win32-x86_64\bin\net.dll
0x00007ffb53850000 - 0x00007ffb53978000 	C:\WINDOWS\SYSTEM32\WINHTTP.dll
0x00007ffb5a690000 - 0x00007ffb5a6fb000 	C:\WINDOWS\system32\mswsock.dll
0x00007ffb1df60000 - 0x00007ffb1df76000 	C:\Users\Nishit\.vscode\extensions\redhat.java-1.50.0-win32-x64\jre\21.0.9-win32-x86_64\bin\nio.dll
0x00007ffb19260000 - 0x00007ffb19270000 	c:\Users\Nishit\.vscode\extensions\redhat.java-1.50.0-win32-x64\jre\21.0.9-win32-x86_64\bin\verify.dll
0x00007ffb02290000 - 0x00007ffb022d4000 	C:\Users\Nishit\AppData\Roaming\Code\User\globalStorage\redhat.java\1.50.0\config_win\org.eclipse.equinox.launcher\org.eclipse.equinox.launcher.win32.win32.x86_64_1.2.1400.v20250801-0854\eclipse_11916.dll
0x00007ffb5dbf0000 - 0x00007ffb5dd87000 	C:\WINDOWS\System32\ole32.dll

JVMTI agents:
c:\Users\Nishit\.vscode\extensions\redhat.java-1.50.0-win32-x64\lombok\lombok-1.18.39-4050.jar path:c:\Users\Nishit\.vscode\extensions\redhat.java-1.50.0-win32-x64\jre\21.0.9-win32-x86_64\bin\instrument.dll, loaded, initialized, instrumentlib options:none

dbghelp: loaded successfully - version: 4.0.5 - missing functions: none
symbol engine: initialized successfully - sym options: 0x614 - pdb path: .;c:\Users\Nishit\.vscode\extensions\redhat.java-1.50.0-win32-x64\jre\21.0.9-win32-x86_64\bin;C:\WINDOWS\SYSTEM32;C:\WINDOWS\WinSxS\amd64_microsoft.windows.common-controls_6595b64144ccf1df_6.0.26100.7344_none_3e0a71fae332857b;c:\Users\Nishit\.vscode\extensions\redhat.java-1.50.0-win32-x64\jre\21.0.9-win32-x86_64\bin\server;C:\Users\Nishit\AppData\Roaming\Code\User\globalStorage\redhat.java\1.50.0\config_win\org.eclipse.equinox.launcher\org.eclipse.equinox.launcher.win32.win32.x86_64_1.2.1400.v20250801-0854

VM Arguments:
jvm_args: --add-modules=ALL-SYSTEM --add-opens=java.base/java.util=ALL-UNNAMED --add-opens=java.base/java.lang=ALL-UNNAMED --add-opens=java.base/sun.nio.fs=ALL-UNNAMED -Declipse.application=org.eclipse.jdt.ls.core.id1 -Dosgi.bundles.defaultStartLevel=4 -Declipse.product=org.eclipse.jdt.ls.core.product -Djava.import.generatesMetadataFilesAtProjectRoot=false -DDetectVMInstallationsJob.disabled=true -Dfile.encoding=utf8 -XX:+UseParallelGC -XX:GCTimeRatio=4 -XX:AdaptiveSizePolicyWeight=90 -Dsun.zip.disableMemoryMapping=true -Xmx2G -Xms100m -Xlog:disable -javaagent:c:\Users\Nishit\.vscode\extensions\redhat.java-1.50.0-win32-x64\lombok\lombok-1.18.39-4050.jar -XX:+HeapDumpOnOutOfMemoryError -XX:HeapDumpPath=c:\Users\Nishit\AppData\Roaming\Code\User\workspaceStorage\82e3ceb481eae225fac92b19f1e2c5ad\redhat.java -Daether.dependencyCollector.impl=bf 
java_command: c:\Users\Nishit\.vscode\extensions\redhat.java-1.50.0-win32-x64\server\plugins\org.eclipse.equinox.launcher_1.7.100.v20251111-0406.jar -configuration c:\Users\Nishit\AppData\Roaming\Code\User\globalStorage\redhat.java\1.50.0\config_win -data c:\Users\Nishit\AppData\Roaming\Code\User\workspaceStorage\82e3ceb481eae225fac92b19f1e2c5ad\redhat.java\jdt_ws --pipe=\\.\pipe\lsp-3c5689a429b6a0e1ecb1717f85361b49-sock
java_class_path (initial): c:\Users\Nishit\.vscode\extensions\redhat.java-1.50.0-win32-x64\server\plugins\org.eclipse.equinox.launcher_1.7.100.v20251111-0406.jar
Launcher Type: SUN_STANDARD

[Global flags]
    uintx AdaptiveSizePolicyWeight                 = 90                                        {product} {command line}
     intx CICompilerCount                          = 12                                        {product} {ergonomic}
    uintx GCTimeRatio                              = 4                                         {product} {command line}
     bool HeapDumpOnOutOfMemoryError               = true                                   {manageable} {command line}
    ccstr HeapDumpPath                             = c:\Users\Nishit\AppData\Roaming\Code\User\workspaceStorage\82e3ceb481eae225fac92b19f1e2c5ad\redhat.java         {manageable} {command line}
   size_t InitialHeapSize                          = 104857600                                 {product} {command line}
   size_t MaxHeapSize                              = 2147483648                                {product} {command line}
   size_t MaxNewSize                               = 715653120                                 {product} {ergonomic}
   size_t MinHeapDeltaBytes                        = 524288                                    {product} {ergonomic}
   size_t MinHeapSize                              = 104857600                                 {product} {command line}
   size_t NewSize                                  = 34603008                                  {product} {ergonomic}
    uintx NonNMethodCodeHeapSize                   = 7602480                                {pd product} {ergonomic}
    uintx NonProfiledCodeHeapSize                  = 122027880                              {pd product} {ergonomic}
   size_t OldSize                                  = 70254592                                  {product} {ergonomic}
    uintx ProfiledCodeHeapSize                     = 122027880                              {pd product} {ergonomic}
    uintx ReservedCodeCacheSize                    = 251658240                              {pd product} {ergonomic}
     bool SegmentedCodeCache                       = true                                      {product} {ergonomic}
   size_t SoftMaxHeapSize                          = 2147483648                             {manageable} {ergonomic}
     bool UseCompressedOops                        = true                           {product lp64_product} {ergonomic}
     bool UseLargePagesIndividualAllocation        = false                                  {pd product} {ergonomic}
     bool UseParallelGC                            = true                                      {product} {command line}

Logging:
Log output configuration:
 #0: stdout all=off uptime,level,tags foldmultilines=false
 #1: stderr all=off uptime,level,tags foldmultilines=false

Release file:
JAVA_VERSION="21.0.9" 
MODULES="java.base java.compiler java.datatransfer java.xml java.prefs java.desktop java.instrument java.logging java.management java.security.sasl java.naming java.rmi java.management.rmi java.net.http java.scripting java.security.jgss java.transaction.xa java.sql java.sql.rowset java.xml.crypto java.se java.smartcardio jdk.accessibility jdk.internal.jvmstat jdk.attach jdk.charsets jdk.internal.opt jdk.zipfs jdk.compiler jdk.crypto.ec jdk.crypto.cryptoki jdk.crypto.mscapi jdk.dynalink jdk.internal.ed jdk.editpad jdk.hotspot.agent jdk.httpserver jdk.internal.le jdk.internal.vm.ci jdk.internal.vm.compiler jdk.internal.vm.compiler.management jdk.jartool jdk.javadoc jdk.jcmd jdk.management jdk.management.agent jdk.jconsole jdk.jdeps jdk.jdwp.agent jdk.jdi jdk.jfr jdk.jshell jdk.jsobject jdk.jstatd jdk.localedata jdk.management.jfr jdk.naming.dns jdk.naming.rmi jdk.net jdk.nio.mapmode jdk.random jdk.sctp jdk.security.auth jdk.security.jgss jdk.unsupported jdk.unsupported.desktop jdk.xml.dom" 

Environment Variables:
PATH=C:\Program Files\Python312\Scripts\;C:\Program Files\Python312\;c:\Users\Nishit\AppData\Local\Programs\cursor\resources\app\bin;C:\WINDOWS\system32;C:\WINDOWS;C:\WINDOWS\System32\Wbem;C:\WINDOWS\System32\WindowsPowerShell\v1.0\;C:\WINDOWS\System32\OpenSSH\;C:\Program Files (x86)\NVIDIA Corporation\PhysX\Common;C:\Program Files\dotnet\;C:\Program Files\NVIDIA Corporation\NVIDIA app\NvDLISR;C:\MinGW\bin;C:\Program Files\nodejs\;C:\Program Files\Git\cmd;C:\Users\Nishit\AppData\Local\Microsoft\WindowsApps;C:\MinGW\mingw32\bin;C:\Users\Nishit\AppData\Local\GitHubDesktop\bin;C:\Users\Nishit\AppData\Roaming\npm;C:\Users\Nishit\AppData\Local\Programs\cursor\resources\app\bin;C:\WINDOWS\system32;C:\WINDOWS;C:\WINDOWS\System32\Wbem;C:\WINDOWS\System32\WindowsPowerShell\v1.0\;C:\WINDOWS\System32\OpenSSH\;C:\Oracle_JDK-24\bin;;C:\Android;C:\Windows\System32;C:\Program Files\Amazon\AWSCLIV2\;C:\Users\Nishit\Miniconda3;C:\Users\Nishit\Miniconda3\Library\mingw-w64\bin;C:\Users\Nishit\Miniconda3\Library\usr\bin;C:\Users\Nishit\Miniconda3\Library\bin;C:\Users\Nishit\Miniconda3\Scripts;C:\Users\Nishit\AppData\Local\Microsoft\WindowsApps;C:\Users\Nishit\AppData\Local\Programs\Microsoft VS Code\bin;C:\MinGW\mingw32\bin;C:\Users\Nishit\AppData\Roaming\npm
USERNAME=Nishit
OS=Windows_NT
PROCESSOR_IDENTIFIER=AMD64 Family 25 Model 68 Stepping 1, AuthenticAMD
TMP=C:\Users\Nishit\AppData\Local\Temp
TEMP=C:\Users\Nishit\AppData\Local\Temp




Periodic native trim disabled

---------------  S Y S T E M  ---------------

OS:
 Windows 11 , 64 bit Build 26100 (10.0.26100.7523)
OS uptime: 8 days 4:57 hours
Hyper-V role detected

CPU: total 16 (initial active 16) (16 cores per cpu, 2 threads per core) family 25 model 68 stepping 1 microcode 0xa404107, cx8, cmov, fxsr, ht, mmx, 3dnowpref, sse, sse2, sse3, ssse3, sse4a, sse4.1, sse4.2, popcnt, lzcnt, tsc, tscinvbit, avx, avx2, aes, erms, clmul, bmi1, bmi2, adx, sha, fma, vzeroupper, clflush, clflushopt, hv, rdtscp, rdpid, fsrm, f16c, cet_ss
Processor Information for the first 16 processors :
  Max Mhz: 3100, Current Mhz: 3100, Mhz Limit: 3100

Memory: 4k page, system-wide physical 16202M (663M free)
TotalPageFile size 65354M (AvailPageFile size 215M)
current process WorkingSet (physical memory assigned to process): 103M, peak: 109M
current process commit charge ("private bytes"): 261M, peak: 267M

vm_info: OpenJDK 64-Bit Server VM (21.0.9+10-LTS) for windows-amd64 JRE (21.0.9+10-LTS), built on 2025-10-21T00:00:00Z by "admin" with unknown MS VC++:1942

END.
